Base path: C:/Program Files (x86)/Unity/Editor/Data
Pipe name: \\.\pipe\UnityShaderCompiler-8-7136
Cmd: getPlatforms
Cmd: compileSnippet
  api=1 type=1 insize=6560 outsize=647 kw= ok=1
Cmd: compileSnippet
  api=8 type=0 insize=6560 outsize=1438 kw= ok=1
Cmd: compileSnippet
  api=8 type=0 insize=6563 outsize=1438 kw= ok=1
Cmd: compileSnippet
  api=0 type=0 insize=6563 outsize=328 kw= ok=1
Cmd: compileSnippet
  api=0 type=0 insize=6572 outsize=328 kw= ok=1
Cmd: compileSnippet
  api=0 type=0 insize=6570 outsize=328 kw= ok=1
Cmd: compileSnippet
  api=0 type=0 insize=6575 outsize=328 kw= ok=1
Cmd: compileSnippet
  api=0 type=0 insize=1059 outsize=925 kw= ok=1
Cmd: compileSnippet
  api=1 type=0 insize=11209 outsize=156 kw= ok=1
Cmd: compileSnippet
  api=1 type=0 insize=11201 outsize=156 kw= ok=1
Cmd: compileSnippet
  api=1 type=1 insize=11215 outsize=1716 kw= ok=1
Cmd: compileSnippet
  api=1 type=1 insize=11225 outsize=2025 kw= ok=1
Cmd: compileSnippet
  api=1 type=0 insize=11217 outsize=156 kw= ok=1
Cmd: compileSnippet
  api=1 type=1 insize=1008 outsize=136 kw= ok=1
Cmd: compileSnippet
  api=1 type=1 insize=1007 outsize=134 kw= ok=1
Cmd: compileSnippet
  api=0 type=1 insize=3251 outsize=256 kw= ok=1
Cmd: compileSnippet
  api=1 type=1 insize=3267 outsize=239 kw= ok=1
Cmd: compileSnippet
  api=8 type=1 insize=3259 outsize=1187 kw= ok=1
Cmd: compileSnippet
  api=1 type=1 insize=3259 outsize=208 kw= ok=1
Cmd: compileSnippet
  api=8 type=0 insize=3268 outsize=2462 kw= ok=1
Cmd: compileSnippet
  api=8 type=1 insize=3261 outsize=1105 kw= ok=1
Cmd: compileSnippet
  api=0 type=0 insize=3258 outsize=375 kw= ok=1
Cmd: compileSnippet
  api=1 type=1 insize=3253 outsize=59 kw= ok=1
Cmd: compileSnippet
  api=1 type=0 insize=4698 outsize=132 kw= ok=1
Cmd: compileSnippet
  api=0 type=0 insize=4713 outsize=757 kw= ok=1
Cmd: compileSnippet
  api=1 type=0 insize=4708 outsize=363 kw= ok=1
Cmd: compileSnippet
  api=8 type=0 insize=4714 outsize=2495 kw= ok=1
