Base path: C:/Program Files (x86)/Unity/Editor/Data
Pipe name: \\.\pipe\UnityShaderCompiler-2-5208
Cmd: getPlatforms
Cmd: compileSnippet
  api=1 type=0 insize=6564 outsize=132 kw= ok=1
Cmd: compileSnippet
  api=0 type=1 insize=6560 outsize=749 kw= ok=1
Cmd: compileSnippet
  api=0 type=1 insize=6560 outsize=749 kw= ok=1
Cmd: compileSnippet
  api=0 type=1 insize=6563 outsize=887 kw= ok=1
Cmd: compileSnippet
  api=0 type=1 insize=6572 outsize=420 kw= ok=1
Cmd: compileSnippet
  api=0 type=1 insize=6570 outsize=292 kw= ok=1
Cmd: compileSnippet
  api=0 type=1 insize=6568 outsize=689 kw= ok=1
Cmd: compileSnippet
  api=8 type=0 insize=6575 outsize=1438 kw= ok=1
Cmd: compileSnippet
  api=1 type=0 insize=1059 outsize=271 kw= ok=1
Cmd: compileSnippet
  api=1 type=1 insize=11209 outsize=676 kw= ok=1
Cmd: compileSnippet
  api=1 type=1 insize=11209 outsize=781 kw= ok=1
Cmd: compileSnippet
  api=0 type=1 insize=11215 outsize=6 kw= ok=1
Cmd: compileSnippet
  api=0 type=1 insize=1008 outsize=259 kw= ok=1
Cmd: compileSnippet
  api=0 type=1 insize=1007 outsize=257 kw= ok=1
Cmd: compileSnippet
  api=1 type=1 insize=1171 outsize=254 kw= ok=1
Cmd: compileSnippet
  api=1 type=1 insize=3253 outsize=208 kw= ok=1
Cmd: compileSnippet
  api=8 type=1 insize=3251 outsize=1325 kw= ok=1
Cmd: compileSnippet
  api=8 type=1 insize=3267 outsize=2023 kw= ok=1
Cmd: compileSnippet
  api=0 type=0 insize=3259 outsize=375 kw= ok=1
Cmd: compileSnippet
  api=1 type=0 insize=3256 outsize=335 kw= ok=1
Cmd: compileSnippet
  api=8 type=0 insize=3261 outsize=2023 kw= ok=1
Cmd: compileSnippet
  api=0 type=0 insize=3254 outsize=375 kw= ok=1
Cmd: compileSnippet
  api=0 type=1 insize=3258 outsize=197 kw= ok=1
Cmd: compileSnippet
  api=8 type=0 insize=4698 outsize=1438 kw= ok=1
Cmd: compileSnippet
  api=1 type=0 insize=4703 outsize=364 kw= ok=1
Cmd: compileSnippet
  api=0 type=1 insize=4713 outsize=852 kw= ok=1
Cmd: compileSnippet
  api=0 type=1 insize=4708 outsize=714 kw= ok=1
