Base path: C:/Program Files (x86)/Unity/Editor/Data
Pipe name: \\.\pipe\UnityShaderCompiler-4-8124
Cmd: getPlatforms
Cmd: compileSnippet
  api=0 type=1 insize=6564 outsize=650 kw= ok=1
Cmd: compileSnippet
  api=0 type=1 insize=6560 outsize=909 kw= ok=1
Cmd: compileSnippet
  api=1 type=1 insize=6560 outsize=515 kw= ok=1
Cmd: compileSnippet
  api=1 type=1 insize=6560 outsize=515 kw= ok=1
Cmd: compileSnippet
  api=8 type=0 insize=6563 outsize=1438 kw= ok=1
Cmd: compileSnippet
  api=1 type=0 insize=6572 outsize=132 kw= ok=1
Cmd: compileSnippet
  api=1 type=0 insize=6577 outsize=132 kw= ok=1
Cmd: compileSnippet
  api=1 type=0 insize=6570 outsize=132 kw= ok=1
Cmd: compileSnippet
  api=1 type=0 insize=6568 outsize=132 kw= ok=1
Cmd: compileSnippet
  api=1 type=0 insize=6575 outsize=132 kw= ok=1
Cmd: compileSnippet
  api=1 type=1 insize=11211 outsize=2014 kw= ok=1
Cmd: compileSnippet
  api=0 type=1 insize=11217 outsize=6 kw= ok=1
Cmd: compileSnippet
  api=1 type=0 insize=1008 outsize=132 kw= ok=1
Cmd: compileSnippet
  api=8 type=1 insize=1007 outsize=1219 kw= ok=1
Cmd: compileSnippet
  api=8 type=1 insize=1171 outsize=1983 kw= ok=1
Cmd: compileSnippet
  api=0 type=0 insize=3251 outsize=375 kw= ok=1
Cmd: compileSnippet
  api=1 type=0 insize=3259 outsize=335 kw= ok=1
Cmd: compileSnippet
  api=0 type=0 insize=3268 outsize=609 kw= ok=1
Cmd: compileSnippet
  api=1 type=0 insize=3261 outsize=335 kw= ok=1
Cmd: compileSnippet
  api=1 type=1 insize=3258 outsize=79 kw= ok=1
Cmd: compileSnippet
  api=8 type=1 insize=3253 outsize=886 kw= ok=1
Cmd: compileSnippet
  api=0 type=0 insize=4703 outsize=753 kw= ok=1
Cmd: compileSnippet
  api=8 type=0 insize=4708 outsize=2990 kw= ok=1
Cmd: compileSnippet
  api=0 type=0 insize=4714 outsize=691 kw= ok=1
